<?xml version="1.0" encoding="UTF-8" ?>
<testsuite tests="1" failures="1" name="testrunner.com.TestRun" time="112.822" errors="0" skipped="0">
  <properties>
[...]
</properties>
  <testcase classname="login" name="successful login with valid credentials" time="112.822">
    <failure message="expected:&lt;[Your store. Login]&gt; but was:&lt;[admin-demo.nopcommerce.com | 522: Connection timed out]&gt;" type="junit.framework.ComparisonFailure">junit.framework.ComparisonFailure: expected:&lt;[Your store. Login]&gt; but was:&lt;[admin-demo.nopcommerce.com | 522: Connection timed out]&gt;
	at junit.framework.Assert.assertEquals(Assert.java:100)
	at junit.framework.Assert.assertEquals(Assert.java:107)
	at stepdefinitions.com.Steps.page_tittle_should_be(Steps.java:79)
	at ✽.page tittle should be &quot;Your store. Login&quot;(file:Features/Login.feature:11)
</failure>
    <system-out>Feature: login

  @sanity
  Scenario: successful login with valid credentials                       # Features/Login.feature:4
    Given user lunch chrome browser                                       # Steps.user_lunch_chrome_browser()
    When user opens url &quot;https://admin-demo.nopcommerce.com/login&quot;        # Steps.user_opens_url(String)
    And uesr enter email as &quot;admin@yourstore.com&quot; and password as &quot;admin&quot; # Steps.uesr_enter_email_as_and_password_as(String,String)
    And click on login                                                    # Steps.click_on_login()
    Then page tittle should be &quot;Dashboard / nopCommerce administration&quot;   # Steps.page_tittle_should_be(String)
    When user click on logout link                                        # Steps.user_click_on_logout_link()
    Then page tittle should be &quot;Your store. Login&quot;                        # Steps.page_tittle_should_be(String)
      junit.framework.ComparisonFailure: expected:&lt;[Your store. Login]&gt; but was:&lt;[admin-demo.nopcommerce.com | 522: Connection timed out]&gt;
	at junit.framework.Assert.assertEquals(Assert.java:100)
	at junit.framework.Assert.assertEquals(Assert.java:107)
	at stepdefinitions.com.Steps.page_tittle_should_be(Steps.java:79)
	at ?.page tittle should be &quot;Your store. Login&quot;(file:Features/Login.feature:11)

    And close the browser                                                 # Steps.close_the_browser()
</system-out>
    <system-err>Jun 12, 2022 1:01:39 AM cucumber.runtime.java.ObjectFactoryLoader loadSingleObjectFactory
WARNING: Use deprecated reflections to load ObjectFactory.
Starting ChromeDriver 102.0.5005.61 (0e59bcc00cc4985ce39ad31c150065f159d95ad3-refs/branch-heads/5005@{#819}) on port 42962
Only local connections are allowed.
Please see https://chromedriver.chromium.org/security-considerations for suggestions on keeping ChromeDriver safe.
ChromeDriver was started successfully.
Jun 12, 2022 1:02:19 AM org.openqa.selenium.remote.ProtocolHandshake createSession
INFO: Detected dialect: W3C
</system-err>
  </testcase>
</testsuite>